android/build/intermediates/manifest_merge_blame_file/debug/processDebugManifest/manifest-merger-blame-debug-report.txt
1<?xml version="1.0" encoding="utf-8"?>
2<manifest xmlns:android="http://schemas.android.com/apk/res/android"
3    package="im.zego.reactnative" >
4
5    <uses-sdk android:minSdkVersion="24" />
6
7    <uses-permission android:name="android.permission.FOREGROUND_SERVICE" />
7-->src/main/AndroidManifest.xml:4:5-76
7-->src/main/AndroidManifest.xml:4:22-74
8
9    <application>
9-->src/main/AndroidManifest.xml:6:5-22:19
10        <activity
10-->src/main/AndroidManifest.xml:7:9-12:64
11            android:name="im.zego.internal.screencapture.ZegoScreenCaptureManager$ZegoScreenCaptureAssistantActivity"
11-->src/main/AndroidManifest.xml:8:13-118
12            android:configChanges="screenSize|orientation"
12-->src/main/AndroidManifest.xml:10:13-59
13            android:exported="false"
13-->src/main/AndroidManifest.xml:9:13-37
14            android:screenOrientation="fullUser"
14-->src/main/AndroidManifest.xml:11:13-49
15            android:theme="@android:style/Theme.Translucent" />
15-->src/main/AndroidManifest.xml:12:13-61
16
17        <service
17-->src/main/AndroidManifest.xml:13:9-21:19
18            android:name="im.zego.internal.screencapture.ZegoScreenCaptureService"
18-->src/main/AndroidManifest.xml:14:13-83
19            android:enabled="true"
19-->src/main/AndroidManifest.xml:15:13-35
20            android:exported="false"
20-->src/main/AndroidManifest.xml:16:13-37
21            android:foregroundServiceType="mediaProjection" >
21-->src/main/AndroidManifest.xml:17:13-60
22            <intent-filter>
22-->src/main/AndroidManifest.xml:18:13-20:29
23                <action android:name="android.intent.action.screenshare" />
23-->src/main/AndroidManifest.xml:19:17-76
23-->src/main/AndroidManifest.xml:19:25-73
24            </intent-filter>
25        </service>
26    </application>
27
28</manifest>